TN:
SF:/Users/bradleymeck/Documents/code-plugin-code-coder/example/out/index.js
FN:7,_interopRequireDefault
FN:10,isTasty
FNF:2
FNH:2
FNDA:1,_interopRequireDefault
FNDA:8,isTasty
DA:3,1
DA:5,1
DA:7,1
DA:9,1
DA:10,1
DA:11,8
DA:12,0
DA:14,8
DA:15,0
DA:17,8
DA:19,0
DA:21,0
DA:23,0
DA:25,8
DA:27,1
DA:28,1
DA:29,1
DA:31,1
DA:32,1
DA:33,8
DA:35,8
DA:36,2
DA:37,6
DA:38,1
DA:42,0
DA:43,0
DA:45,1
DA:46,1
DA:47,0
DA:50,1
DA:51,0
LF:31
LH:22
BRDA:7,1,0,1
BRDA:7,1,1,0
BRDA:7,2,0,1
BRDA:7,2,1,1
BRDA:11,3,0,0
BRDA:11,3,1,8
BRDA:14,4,0,8
BRDA:14,4,1,0
BRDA:17,5,0,0
BRDA:17,5,1,0
BRDA:17,5,2,0
BRDA:25,6,0,8
BRDA:25,6,1,7
BRDA:35,7,0,2
BRDA:35,7,1,6
BRDA:37,8,0,1
BRDA:37,8,1,5
BRDA:46,9,0,0
BRDA:46,9,1,1
BRDA:46,10,0,1
BRDA:46,10,1,0
BRDA:50,11,0,0
BRDA:50,11,1,1
BRF:23
BRH:14
end_of_record
